<?xml version="1.0" encoding="UTF-8"?>
<!-- Generated by org.testng.reporters.JUnitXMLReporter -->
<testsuite ignored="2" hostname="DESKTOP-AMTT359" failures="0" tests="3" name="Default test" time="8.116" errors="0" timestamp="16 Mar 2022 05:42:14 GMT">
  <testcase classname="IBMAPIAssignment_2.IBMAPIAssignment_2.ibmAPIAssignment" name="createUser" time="4.044"/>
  <testcase classname="IBMAPIAssignment_2.IBMAPIAssignment_2.ibmAPIAssignment" name="login" time="2.038"/>
  <testcase classname="IBMAPIAssignment_2.IBMAPIAssignment_2.ibmAPIAssignment" name="deleteUser" time="2.008"/>
  <testcase classname="IBMAPIAssignment_2.IBMAPIAssignment_2.ibmAPIAssignment" name="logout" time="0.0">
    <ignored/>
  </testcase> <!-- logout -->
  <testcase classname="IBMAPIAssignment_2.IBMAPIAssignment_2.ibmAPIAssignment" name="updateUser" time="0.0">
    <ignored/>
  </testcase> <!-- updateUser -->
</testsuite> <!-- Default test -->
