<?xml version="1.0" encoding="UTF-8"?>
<testng-results ignored="2" total="5" passed="3" failed="0" skipped="0">
  <reporter-output>
  </reporter-output>
  <suite started-at="2022-03-16T05:42:05Z" name="Default suite" finished-at="2022-03-16T05:42:14Z" duration-ms="8116">
    <groups>
    </groups>
    <test started-at="2022-03-16T05:42:05Z" name="Default test" finished-at="2022-03-16T05:42:14Z" duration-ms="8116">
      <class name="IBMAPIAssignment_2.IBMAPIAssignment_2.ibmAPIAssignment">
        <test-method signature="createUser(org.testng.ITestContext, org.testng.ITestContext)[pri:0, instance:IBMAPIAssignment_2.IBMAPIAssignment_2.ibmAPIAssignment@2141a12]" started-at="2022-03-16T05:42:05Z" name="createUser" finished-at="2022-03-16T05:42:09Z" duration-ms="4044" status="PASS">
          <params>
            <param index="0">
              <value>
                <![CDATA[org.testng.TestRunner@3899782c]]>
              </value>
            </param>
            <param index="1">
              <value>
                <![CDATA[org.testng.TestRunner@3899782c]]>
              </value>
            </param>
          </params>
          <reporter-output>
          </reporter-output>
        </test-method> <!-- createUser -->
        <test-method signature="login(org.testng.ITestContext, org.testng.ITestContext)[pri:0, instance:IBMAPIAssignment_2.IBMAPIAssignment_2.ibmAPIAssignment@2141a12]" started-at="2022-03-16T05:42:10Z" name="login" finished-at="2022-03-16T05:42:12Z" depends-on-methods="IBMAPIAssignment_2.IBMAPIAssignment_2.ibmAPIAssignment.createUser" duration-ms="2038" status="PASS">
          <params>
            <param index="0">
              <value>
                <![CDATA[org.testng.TestRunner@3899782c]]>
              </value>
            </param>
            <param index="1">
              <value>
                <![CDATA[org.testng.TestRunner@3899782c]]>
              </value>
            </param>
          </params>
          <reporter-output>
          </reporter-output>
        </test-method> <!-- login -->
        <test-method signature="deleteUser(org.testng.ITestContext)[pri:0, instance:IBMAPIAssignment_2.IBMAPIAssignment_2.ibmAPIAssignment@2141a12]" started-at="2022-03-16T05:42:12Z" name="deleteUser" finished-at="2022-03-16T05:42:14Z" depends-on-methods="IBMAPIAssignment_2.IBMAPIAssignment_2.ibmAPIAssignment.login" duration-ms="2008" status="PASS">
          <params>
            <param index="0">
              <value>
                <![CDATA[org.testng.TestRunner@3899782c]]>
              </value>
            </param>
          </params>
          <reporter-output>
          </reporter-output>
        </test-method> <!-- deleteUser -->
      </class> <!-- IBMAPIAssignment_2.IBMAPIAssignment_2.ibmAPIAssignment -->
    </test> <!-- Default test -->
  </suite> <!-- Default suite -->
</testng-results>
